<?xml version="1.0" encoding="UTF-8" standalone="yes" ?>
<!DOCTYPE report PUBLIC "-//JACOCO//DTD Report 1.0//EN" "report.dtd">
<report name="JaCoCo Maven plug-in example for Java project">
    <sessioninfo id="Steves-MBP.local-b048b758" start="1411925087600" dump="1411925088117" />
    <package name="org/jacoco/examples/maven/java">
        <class name="org/jacoco/examples/maven/java/HelloWorld">
            <method name="&lt;init&gt;" desc="()V" line="3">
                <counter type="INSTRUCTION" missed="0" covered="3" />
                <counter type="LINE" missed="0" covered="1" />
                <counter type="COMPLEXITY" missed="0" covered="1" />
                <counter type="METHOD" missed="0" covered="1" />
            </method>
            <method name="getMessage" desc="(Z)Ljava/lang/String;" line="6">
                <counter type="INSTRUCTION" missed="2" covered="4" />
                <counter type="BRANCH" missed="1" covered="1" />
                <counter type="LINE" missed="1" covered="2" />
                <counter type="COMPLEXITY" missed="1" covered="1" />
                <counter type="METHOD" missed="0" covered="1" />
            </method>
            <counter type="INSTRUCTION" missed="2" covered="7" />
            <counter type="BRANCH" missed="1" covered="1" />
            <counter type="LINE" missed="1" covered="3" />
            <counter type="COMPLEXITY" missed="1" covered="2" />
            <counter type="METHOD" missed="0" covered="2" />
            <counter type="CLASS" missed="0" covered="1" />
        </class>
        <sourcefile name="HelloWorld.java">
            <line nr="3" mi="0" ci="3" mb="0" cb="0" />
            <line nr="6" mi="0" ci="2" mb="1" cb="1" />
            <line nr="7" mi="2" ci="0" mb="0" cb="0" />
            <line nr="9" mi="0" ci="2" mb="0" cb="0" />
            <counter type="INSTRUCTION" missed="2" covered="7" />
            <counter type="BRANCH" missed="1" covered="1" />
            <counter type="LINE" missed="1" covered="3" />
            <counter type="COMPLEXITY" missed="1" covered="2" />
            <counter type="METHOD" missed="0" covered="2" />
            <counter type="CLASS" missed="0" covered="1" />
        </sourcefile>
        <counter type="INSTRUCTION" missed="2" covered="7" />
        <counter type="BRANCH" missed="1" covered="1" />
        <counter type="LINE" missed="1" covered="3" />
        <counter type="COMPLEXITY" missed="1" covered="2" />
        <counter type="METHOD" missed="0" covered="2" />
        <counter type="CLASS" missed="0" covered="1" />
    </package>
    <counter type="INSTRUCTION" missed="2" covered="7" />
    <counter type="BRANCH" missed="1" covered="1" />
    <counter type="LINE" missed="1" covered="3" />
    <counter type="COMPLEXITY" missed="1" covered="2" />
    <counter type="METHOD" missed="0" covered="2" />
    <counter type="CLASS" missed="0" covered="1" />
</report>
