<?xml version="1.0" encoding="UTF-8"?>
<coverage generated="1410539625">
  <project timestamp="1410539625">
    <package name="Codecov">
      <file name="/Users/peak/Documents/codecov/codecov-php/src/Codecov/Coverage.php">
        <class name="Coverage" namespace="Codecov">
          <metrics methods="1" coveredmethods="0" conditionals="0" coveredconditionals="0" statements="6" coveredstatements="2" elements="7" coveredelements="2"/>
        </class>
        <line num="5" type="method" name="send" crap="125.96" count="1"/>
        <line num="7" type="stmt" count="1"/>
        <line num="8" type="stmt" count="0"/>
        <line num="11" type="stmt" count="1"/>
        <line num="21" type="stmt" count="0"/>
        <line num="22" type="stmt" count="0"/>
        <line num="23" type="stmt" count="0"/>
        <metrics loc="86" ncloc="62" classes="1" methods="1" coveredmethods="0" conditionals="0" coveredconditionals="0" statements="6" coveredstatements="2" elements="7" coveredelements="2"/>
      </file>
    </package>
    <metrics files="1" loc="86" ncloc="62" classes="1" methods="1" coveredmethods="0" conditionals="0" coveredconditionals="0" statements="6" coveredstatements="2" elements="7" coveredelements="2"/>
  </project>
</coverage>
